<?xml version="1.0" encoding="UTF-8"?>
<coverage generated="1668464329105" clover="3.2.0">
  <project timestamp="1668464329105" name="All files">
    <metrics statements="14" coveredstatements="14" conditionals="5" coveredconditionals="5" methods="3" coveredmethods="3" elements="22" coveredelements="22" complexity="0" loc="14" ncloc="14" packages="1" files="1" classes="1"/>
    <file name="ageCalculator.js" path="/Users/brandonfenk/Desktop/-Galactic-Age-Calculator/src/JS/ageCalculator.js">
      <metrics statements="14" coveredstatements="14" conditionals="5" coveredconditionals="5" methods="3" coveredmethods="3"/>
      <line num="3" count="6" type="stmt"/>
      <line num="13" count="4" type="cond" truecount="4" falsecount="0"/>
      <line num="15" count="1" type="stmt"/>
      <line num="16" count="1" type="stmt"/>
      <line num="18" count="1" type="stmt"/>
      <line num="19" count="1" type="stmt"/>
      <line num="21" count="1" type="stmt"/>
      <line num="22" count="1" type="stmt"/>
      <line num="24" count="1" type="stmt"/>
      <line num="25" count="1" type="stmt"/>
      <line num="33" count="1" type="stmt"/>
      <line num="39" count="1" type="cond" truecount="1" falsecount="0"/>
      <line num="44" count="1" type="stmt"/>
      <line num="45" count="1" type="stmt"/>
    </file>
  </project>
</coverage>
