{"/Users/brandonfenk/Desktop/-Galactic-Age-Calculator/src/JS/ageCalculator.js": {"path":"/Users/brandonfenk/Desktop/-Galactic-Age-Calculator/src/JS/ageCalculator.js","statementMap":{"0":{"start":{"line":3,"column":4},"end":{"line":3,"column":19}},"1":{"start":{"line":13,"column":4},"end":{"line":26,"column":5}},"2":{"start":{"line":15,"column":8},"end":{"line":15,"column":61}},"3":{"start":{"line":16,"column":8},"end":{"line":16,"column":26}},"4":{"start":{"line":18,"column":8},"end":{"line":18,"column":59}},"5":{"start":{"line":19,"column":8},"end":{"line":19,"column":24}},"6":{"start":{"line":21,"column":8},"end":{"line":21,"column":59}},"7":{"start":{"line":22,"column":8},"end":{"line":22,"column":23}},"8":{"start":{"line":24,"column":8},"end":{"line":24,"column":63}},"9":{"start":{"line":25,"column":8},"end":{"line":25,"column":26}},"10":{"start":{"line":33,"column":25},"end":{"line":33,"column":29}},"11":{"start":{"line":39,"column":4},"end":{"line":52,"column":5}},"12":{"start":{"line":44,"column":8},"end":{"line":44,"column":69}},"13":{"start":{"line":45,"column":8},"end":{"line":45,"column":28}},"14":{"start":{"line":47,"column":8},"end":{"line":47,"column":69}},"15":{"start":{"line":48,"column":8},"end":{"line":48,"column":27}},"16":{"start":{"line":50,"column":8},"end":{"line":50,"column":73}},"17":{"start":{"line":51,"column":8},"end":{"line":51,"column":30}}},"fnMap":{"0":{"name":"(anonymous_0)","decl":{"start":{"line":2,"column":2},"end":{"line":2,"column":3}},"loc":{"start":{"line":2,"column":19},"end":{"line":4,"column":3}},"line":2},"1":{"name":"(anonymous_1)","decl":{"start":{"line":7,"column":2},"end":{"line":7,"column":3}},"loc":{"start":{"line":7,"column":21},"end":{"line":28,"column":3}},"line":7},"2":{"name":"(anonymous_2)","decl":{"start":{"line":32,"column":2},"end":{"line":32,"column":3}},"loc":{"start":{"line":32,"column":22},"end":{"line":53,"column":3}},"line":32}},"branchMap":{"0":{"loc":{"start":{"line":13,"column":4},"end":{"line":26,"column":5}},"type":"switch","locations":[{"start":{"line":14,"column":6},"end":{"line":16,"column":26}},{"start":{"line":17,"column":6},"end":{"line":19,"column":24}},{"start":{"line":20,"column":6},"end":{"line":22,"column":23}},{"start":{"line":23,"column":6},"end":{"line":25,"column":26}}],"line":13},"1":{"loc":{"start":{"line":39,"column":4},"end":{"line":52,"column":5}},"type":"switch","locations":[{"start":{"line":43,"column":6},"end":{"line":45,"column":28}},{"start":{"line":46,"column":6},"end":{"line":48,"column":27}},{"start":{"line":49,"column":6},"end":{"line":51,"column":30}}],"line":39}},"s":{"0":8,"1":4,"2":1,"3":1,"4":1,"5":1,"6":1,"7":1,"8":1,"9":1,"10":3,"11":3,"12":1,"13":1,"14":1,"15":1,"16":0,"17":0},"f":{"0":8,"1":4,"2":3},"b":{"0":[1,1,1,1],"1":[1,1,0]},"_coverageSchema":"43e27e138ebf9cfc5966b082cf9a028302ed4184","hash":"7e2ff29e0a7d53ed8bdc21bff742f90eb139aebc"}
}
