{"/Users/brandonfenk/Desktop/-Galactic-Age-Calculator/src/JS/ageCalculator.js": {"path":"/Users/brandonfenk/Desktop/-Galactic-Age-Calculator/src/JS/ageCalculator.js","statementMap":{"0":{"start":{"line":3,"column":4},"end":{"line":3,"column":19}},"1":{"start":{"line":12,"column":6},"end":{"line":25,"column":7}},"2":{"start":{"line":14,"column":8},"end":{"line":14,"column":59}},"3":{"start":{"line":15,"column":8},"end":{"line":15,"column":26}},"4":{"start":{"line":17,"column":8},"end":{"line":17,"column":57}},"5":{"start":{"line":18,"column":8},"end":{"line":18,"column":24}},"6":{"start":{"line":20,"column":8},"end":{"line":20,"column":57}},"7":{"start":{"line":21,"column":8},"end":{"line":21,"column":23}},"8":{"start":{"line":23,"column":8},"end":{"line":23,"column":61}},"9":{"start":{"line":24,"column":8},"end":{"line":24,"column":26}}},"fnMap":{"0":{"name":"(anonymous_0)","decl":{"start":{"line":2,"column":2},"end":{"line":2,"column":3}},"loc":{"start":{"line":2,"column":19},"end":{"line":4,"column":3}},"line":2},"1":{"name":"(anonymous_1)","decl":{"start":{"line":7,"column":2},"end":{"line":7,"column":3}},"loc":{"start":{"line":7,"column":20},"end":{"line":27,"column":5}},"line":7}},"branchMap":{"0":{"loc":{"start":{"line":12,"column":6},"end":{"line":25,"column":7}},"type":"switch","locations":[{"start":{"line":13,"column":8},"end":{"line":15,"column":26}},{"start":{"line":16,"column":8},"end":{"line":18,"column":24}},{"start":{"line":19,"column":8},"end":{"line":21,"column":23}},{"start":{"line":22,"column":8},"end":{"line":24,"column":26}}],"line":12}},"s":{"0":5,"1":4,"2":1,"3":1,"4":1,"5":1,"6":1,"7":1,"8":1,"9":1},"f":{"0":5,"1":4},"b":{"0":[1,1,1,1]},"_coverageSchema":"43e27e138ebf9cfc5966b082cf9a028302ed4184","hash":"964b8164b6864177a8e7cad58d0361b931cb32aa"}
}
